NL-08014: Message 8014 not found; No message file for product=network, facility=NL	   []
 NL-08015: Message 8015 not found; No message file for product=network, facility=NL
  ORA-48139: invalid input to ADR initialization routine
NL-08014: Message 8014 not found; No message file for product=network, facility=NL	   []
 NL-08015: Message 8015 not found; No message file for product=network, facility=NL
  ORA-48139: invalid input to ADR initialization routine
NL-08014: Message 8014 not found; No message file for product=network, facility=NL	   []
 NL-08015: Message 8015 not found; No message file for product=network, facility=NL
  ORA-48139: invalid input to ADR initialization routine
NL-08014: Message 8014 not found; No message file for product=network, facility=NL	   []
 NL-08015: Message 8015 not found; No message file for product=network, facility=NL
  ORA-48139: invalid input to ADR initialization routine
NL-08014: Message 8014 not found; No message file for product=network, facility=NL	   []
 NL-08015: Message 8015 not found; No message file for product=network, facility=NL
  ORA-48139: invalid input to ADR initialization routine
NL-08014: Message 8014 not found; No message file for product=network, facility=NL	   []
 NL-08015: Message 8015 not found; No message file for product=network, facility=NL
  ORA-48139: invalid input to ADR initialization routine
NL-08014: Message 8014 not found; No message file for product=network, facility=NL	   []
 NL-08015: Message 8015 not found; No message file for product=network, facility=NL
  ORA-48139: invalid input to ADR initialization routine
NL-08014: Message 8014 not found; No message file for product=network, facility=NL	   []
 NL-08015: Message 8015 not found; No message file for product=network, facility=NL
  ORA-48139: invalid input to ADR initialization routine
NL-08014: Message 8014 not found; No message file for product=network, facility=NL	   []
 NL-08015: Message 8015 not found; No message file for product=network, facility=NL
  ORA-48139: invalid input to ADR initialization routine
NL-08014: Message 8014 not found; No message file for product=network, facility=NL	   []
 NL-08015: Message 8015 not found; No message file for product=network, facility=NL
  ORA-48139: invalid input to ADR initialization routine
NL-08014: Message 8014 not found; No message file for product=network, facility=NL	   []
 NL-08015: Message 8015 not found; No message file for product=network, facility=NL
  ORA-48139: invalid input to ADR initialization routine


***********************************************************************
Fatal NI connect error 12170, connecting to:
 (DESCRIPTION=(ADDRESS=(PROTOCOL=TCP)(HOST=10.30.205.232)(PORT=1521))(CONNECT_DATA=(SID=fisco)(CID=(PROGRAM=python3)(HOST=nb0001247896)(USER=20310607992@samba.afip.gob.ar))))

  VERSION INFORMATION:
	TNS for Linux: Version 19.0.0.0.0 - Production
	TCP/IP NT Protocol Adapter for Linux: Version 19.0.0.0.0 - Production
  Version 19.27.0.0.0
  Time: 30-JUN-2025 22:08:35
  Tracing not turned on.
  Tns error struct:
    ns main err code: 12535
    TNS-12535: Message 12535 not found; No message file for product=network, facility=TNS
    ns secondary err code: 12560
    nt main err code: 505
    TNS-00505: Message 505 not found; No message file for product=network, facility=TNS
    nt secondary err code: 0
    nt OS err code: 0
NL-08014: Message 8014 not found; No message file for product=network, facility=NL	   []
 NL-08015: Message 8015 not found; No message file for product=network, facility=NL
  ORA-48139: invalid input to ADR initialization routine
NL-08014: Message 8014 not found; No message file for product=network, facility=NL	   []
 NL-08015: Message 8015 not found; No message file for product=network, facility=NL
  ORA-48139: invalid input to ADR initialization routine
NL-08014: Message 8014 not found; No message file for product=network, facility=NL	   []
 NL-08015: Message 8015 not found; No message file for product=network, facility=NL
  ORA-48139: invalid input to ADR initialization routine
NL-08014: Message 8014 not found; No message file for product=network, facility=NL	   []
 NL-08015: Message 8015 not found; No message file for product=network, facility=NL
  ORA-48139: invalid input to ADR initialization routine
NL-08014: Message 8014 not found; No message file for product=network, facility=NL	   []
 NL-08015: Message 8015 not found; No message file for product=network, facility=NL
  ORA-48139: invalid input to ADR initialization routine
NL-08014: Message 8014 not found; No message file for product=network, facility=NL	   []
 NL-08015: Message 8015 not found; No message file for product=network, facility=NL
  ORA-48139: invalid input to ADR initialization routine
NL-08014: Message 8014 not found; No message file for product=network, facility=NL	   []
 NL-08015: Message 8015 not found; No message file for product=network, facility=NL
  ORA-48139: invalid input to ADR initialization routine
NL-08014: Message 8014 not found; No message file for product=network, facility=NL	   []
 NL-08015: Message 8015 not found; No message file for product=network, facility=NL
  ORA-48139: invalid input to ADR initialization routine
NL-08014: Message 8014 not found; No message file for product=network, facility=NL	   []
 NL-08015: Message 8015 not found; No message file for product=network, facility=NL
  ORA-48139: invalid input to ADR initialization routine
NL-08014: Message 8014 not found; No message file for product=network, facility=NL	   []
 NL-08015: Message 8015 not found; No message file for product=network, facility=NL
  ORA-48139: invalid input to ADR initialization routine
NL-08014: Message 8014 not found; No message file for product=network, facility=NL	   []
 NL-08015: Message 8015 not found; No message file for product=network, facility=NL
  ORA-48139: invalid input to ADR initialization routine
NL-08014: Message 8014 not found; No message file for product=network, facility=NL	   []
 NL-08015: Message 8015 not found; No message file for product=network, facility=NL
  ORA-48139: invalid input to ADR initialization routine
NL-08014: Message 8014 not found; No message file for product=network, facility=NL	   []
 NL-08015: Message 8015 not found; No message file for product=network, facility=NL
  ORA-48139: invalid input to ADR initialization routine
NL-08014: Message 8014 not found; No message file for product=network, facility=NL	   []
 NL-08015: Message 8015 not found; No message file for product=network, facility=NL
  ORA-48139: invalid input to ADR initialization routine
NL-08014: Message 8014 not found; No message file for product=network, facility=NL	   []
 NL-08015: Message 8015 not found; No message file for product=network, facility=NL
  ORA-48139: invalid input to ADR initialization routine
NL-08014: Message 8014 not found; No message file for product=network, facility=NL	   []
 NL-08015: Message 8015 not found; No message file for product=network, facility=NL
  ORA-48139: invalid input to ADR initialization routine
NL-08014: Message 8014 not found; No message file for product=network, facility=NL	   []
 NL-08015: Message 8015 not found; No message file for product=network, facility=NL
  ORA-48139: invalid input to ADR initialization routine
NL-08014: Message 8014 not found; No message file for product=network, facility=NL	   []
 NL-08015: Message 8015 not found; No message file for product=network, facility=NL
  ORA-48139: invalid input to ADR initialization routine
NL-08014: Message 8014 not found; No message file for product=network, facility=NL	   []
 NL-08015: Message 8015 not found; No message file for product=network, facility=NL
  ORA-48139: invalid input to ADR initialization routine
NL-08014: Message 8014 not found; No message file for product=network, facility=NL	   []
 NL-08015: Message 8015 not found; No message file for product=network, facility=NL
  ORA-48139: invalid input to ADR initialization routine
NL-08014: Message 8014 not found; No message file for product=network, facility=NL	   []
 NL-08015: Message 8015 not found; No message file for product=network, facility=NL
  ORA-48139: invalid input to ADR initialization routine
NL-08014: Message 8014 not found; No message file for product=network, facility=NL	   []
 NL-08015: Message 8015 not found; No message file for product=network, facility=NL
  ORA-48139: invalid input to ADR initialization routine
NL-08014: Message 8014 not found; No message file for product=network, facility=NL	   []
 NL-08015: Message 8015 not found; No message file for product=network, facility=NL
  ORA-48139: invalid input to ADR initialization routine
NL-08014: Message 8014 not found; No message file for product=network, facility=NL	   []
 NL-08015: Message 8015 not found; No message file for product=network, facility=NL
  ORA-48139: invalid input to ADR initialization routine
NL-08014: Message 8014 not found; No message file for product=network, facility=NL	   []
 NL-08015: Message 8015 not found; No message file for product=network, facility=NL
  ORA-48139: invalid input to ADR initialization routine
NL-08014: Message 8014 not found; No message file for product=network, facility=NL	   []
 NL-08015: Message 8015 not found; No message file for product=network, facility=NL
  ORA-48139: invalid input to ADR initialization routine
NL-08014: Message 8014 not found; No message file for product=network, facility=NL	   []
 NL-08015: Message 8015 not found; No message file for product=network, facility=NL
  ORA-48139: invalid input to ADR initialization routine
NL-08014: Message 8014 not found; No message file for product=network, facility=NL	   []
 NL-08015: Message 8015 not found; No message file for product=network, facility=NL
  ORA-48139: invalid input to ADR initialization routine
NL-08014: Message 8014 not found; No message file for product=network, facility=NL	   []
 NL-08015: Message 8015 not found; No message file for product=network, facility=NL
  ORA-48139: invalid input to ADR initialization routine
NL-08014: Message 8014 not found; No message file for product=network, facility=NL	   []
 NL-08015: Message 8015 not found; No message file for product=network, facility=NL
  ORA-48139: invalid input to ADR initialization routine
NL-08014: Message 8014 not found; No message file for product=network, facility=NL	   []
 NL-08015: Message 8015 not found; No message file for product=network, facility=NL
  ORA-48139: invalid input to ADR initialization routine
NL-08014: Message 8014 not found; No message file for product=network, facility=NL	   []
 NL-08015: Message 8015 not found; No message file for product=network, facility=NL
  ORA-48139: invalid input to ADR initialization routine
NL-08014: Message 8014 not found; No message file for product=network, facility=NL	   []
 NL-08015: Message 8015 not found; No message file for product=network, facility=NL
  ORA-48139: invalid input to ADR initialization routine
NL-08014: Message 8014 not found; No message file for product=network, facility=NL	   []
 NL-08015: Message 8015 not found; No message file for product=network, facility=NL
  ORA-48139: invalid input to ADR initialization routine
NL-08014: Message 8014 not found; No message file for product=network, facility=NL	   []
 NL-08015: Message 8015 not found; No message file for product=network, facility=NL
  ORA-48139: invalid input to ADR initialization routine
NL-08014: Message 8014 not found; No message file for product=network, facility=NL	   []
 NL-08015: Message 8015 not found; No message file for product=network, facility=NL
  ORA-48139: invalid input to ADR initialization routine
NL-08014: Message 8014 not found; No message file for product=network, facility=NL	   []
 NL-08015: Message 8015 not found; No message file for product=network, facility=NL
  ORA-48139: invalid input to ADR initialization routine
NL-08014: Message 8014 not found; No message file for product=network, facility=NL	   []
 NL-08015: Message 8015 not found; No message file for product=network, facility=NL
  ORA-48139: invalid input to ADR initialization routine
NL-08014: Message 8014 not found; No message file for product=network, facility=NL	   []
 NL-08015: Message 8015 not found; No message file for product=network, facility=NL
  ORA-48139: invalid input to ADR initialization routine
NL-08014: Message 8014 not found; No message file for product=network, facility=NL	   []
 NL-08015: Message 8015 not found; No message file for product=network, facility=NL
  ORA-48139: invalid input to ADR initialization routine
NL-08014: Message 8014 not found; No message file for product=network, facility=NL	   []
 NL-08015: Message 8015 not found; No message file for product=network, facility=NL
  ORA-48139: invalid input to ADR initialization routine
NL-08014: Message 8014 not found; No message file for product=network, facility=NL	   []
 NL-08015: Message 8015 not found; No message file for product=network, facility=NL
  ORA-48139: invalid input to ADR initialization routine
NL-08014: Message 8014 not found; No message file for product=network, facility=NL	   []
 NL-08015: Message 8015 not found; No message file for product=network, facility=NL
  ORA-48139: invalid input to ADR initialization routine
NL-08014: Message 8014 not found; No message file for product=network, facility=NL	   []
 NL-08015: Message 8015 not found; No message file for product=network, facility=NL
  ORA-48139: invalid input to ADR initialization routine


***********************************************************************
Fatal NI connect error 12170, connecting to:
 (DESCRIPTION=(ADDRESS=(PROTOCOL=TCP)(HOST=10.30.205.232)(PORT=1521))(CONNECT_DATA=(SID=fisco)(CID=(PROGRAM=python)(HOST=nb0001247896)(USER=20310607992@samba.afip.gob.ar))))

  VERSION INFORMATION:
	TNS for Linux: Version 19.0.0.0.0 - Production
	TCP/IP NT Protocol Adapter for Linux: Version 19.0.0.0.0 - Production
  Version 19.27.0.0.0
  Time: 01-JUL-2025 17:53:31
  Tracing not turned on.
  Tns error struct:
    ns main err code: 12535
    TNS-12535: Message 12535 not found; No message file for product=network, facility=TNS
    ns secondary err code: 12560
    nt main err code: 505
    TNS-00505: Message 505 not found; No message file for product=network, facility=TNS
NL-08014: Message 8014 not found; No message file for product=network, facility=NL	   []
 NL-08015: Message 8015 not found; No message file for product=network, facility=NL
  ORA-48139: invalid input to ADR initialization routine
NL-08014: Message 8014 not found; No message file for product=network, facility=NL	   []
 NL-08015: Message 8015 not found; No message file for product=network, facility=NL
  ORA-48139: invalid input to ADR initialization routine
NL-08014: Message 8014 not found; No message file for product=network, facility=NL	   []
 NL-08015: Message 8015 not found; No message file for product=network, facility=NL
  ORA-48139: invalid input to ADR initialization routine
NL-08014: Message 8014 not found; No message file for product=network, facility=NL	   []
 NL-08015: Message 8015 not found; No message file for product=network, facility=NL
  ORA-48139: invalid input to ADR initialization routine
NL-08014: Message 8014 not found; No message file for product=network, facility=NL	   []
 NL-08015: Message 8015 not found; No message file for product=network, facility=NL
  ORA-48139: invalid input to ADR initialization routine
